<?xml version="1.0" encoding="UTF-8"?>
<testsuite xmlns:xsi="http://www.w3.org/2001/XMLSchema-instance" xsi:noNamespaceSchemaLocation="https://maven.apache.org/surefire/maven-surefire-plugin/xsd/surefire-test-report.xsd" name="com.example.CHLAserver.Server.ChlaServerApplicationTests" time="25.576" tests="1" errors="0" skipped="0" failures="0">
  <properties>
    <property name="sun.desktop" value="windows"/>
    <property name="awt.toolkit" value="sun.awt.windows.WToolkit"/>
    <property name="file.encoding.pkg" value="sun.io"/>
    <property name="java.specification.version" value="1.8"/>
    <property name="sun.cpu.isalist" value="amd64"/>
    <property name="sun.jnu.encoding" value="Cp1252"/>
    <property name="java.class.path" value="E:\cs401\CHLA-Server\Server\target\test-classes;E:\cs401\CHLA-Server\Server\target\classes;C:\Users\tanay\.m2\repository\org\springframework\boot\spring-boot-starter-data-jpa\2.1.3.RELEASE\spring-boot-starter-data-jpa-2.1.3.RELEASE.jar;C:\Users\tanay\.m2\repository\org\springframework\boot\spring-boot-starter-aop\2.1.3.RELEASE\spring-boot-starter-aop-2.1.3.RELEASE.jar;C:\Users\tanay\.m2\repository\org\springframework\spring-aop\5.1.5.RELEASE\spring-aop-5.1.5.RELEASE.jar;C:\Users\tanay\.m2\repository\org\aspectj\aspectjweaver\1.9.2\aspectjweaver-1.9.2.jar;C:\Users\tanay\.m2\repository\org\springframework\boot\spring-boot-starter-jdbc\2.1.3.RELEASE\spring-boot-starter-jdbc-2.1.3.RELEASE.jar;C:\Users\tanay\.m2\repository\com\zaxxer\HikariCP\3.2.0\HikariCP-3.2.0.jar;C:\Users\tanay\.m2\repository\org\springframework\spring-jdbc\5.1.5.RELEASE\spring-jdbc-5.1.5.RELEASE.jar;C:\Users\tanay\.m2\repository\javax\transaction\javax.transaction-api\1.3\javax.transaction-api-1.3.jar;C:\Users\tanay\.m2\repository\javax\xml\bind\jaxb-api\2.3.1\jaxb-api-2.3.1.jar;C:\Users\tanay\.m2\repository\javax\activation\javax.activation-api\1.2.0\javax.activation-api-1.2.0.jar;C:\Users\tanay\.m2\repository\org\hibernate\hibernate-core\5.3.7.Final\hibernate-core-5.3.7.Final.jar;C:\Users\tanay\.m2\repository\org\jboss\logging\jboss-logging\3.3.2.Final\jboss-logging-3.3.2.Final.jar;C:\Users\tanay\.m2\repository\javax\persistence\javax.persistence-api\2.2\javax.persistence-api-2.2.jar;C:\Users\tanay\.m2\repository\org\javassist\javassist\3.23.1-GA\javassist-3.23.1-GA.jar;C:\Users\tanay\.m2\repository\net\bytebuddy\byte-buddy\1.9.10\byte-buddy-1.9.10.jar;C:\Users\tanay\.m2\repository\antlr\antlr\2.7.7\antlr-2.7.7.jar;C:\Users\tanay\.m2\repository\org\jboss\jandex\2.0.5.Final\jandex-2.0.5.Final.jar;C:\Users\tanay\.m2\repository\org\dom4j\dom4j\2.1.1\dom4j-2.1.1.jar;C:\Users\tanay\.m2\repository\org\hibernate\common\hibernate-commons-annotations\5.0.4.Final\hibernate-commons-annotations-5.0.4.Final.jar;C:\Users\tanay\.m2\repository\org\springframework\data\spring-data-jpa\2.1.5.RELEASE\spring-data-jpa-2.1.5.RELEASE.jar;C:\Users\tanay\.m2\repository\org\springframework\data\spring-data-commons\2.1.5.RELEASE\spring-data-commons-2.1.5.RELEASE.jar;C:\Users\tanay\.m2\repository\org\springframework\spring-orm\5.1.5.RELEASE\spring-orm-5.1.5.RELEASE.jar;C:\Users\tanay\.m2\repository\org\springframework\spring-context\5.1.5.RELEASE\spring-context-5.1.5.RELEASE.jar;C:\Users\tanay\.m2\repository\org\springframework\spring-tx\5.1.5.RELEASE\spring-tx-5.1.5.RELEASE.jar;C:\Users\tanay\.m2\repository\org\springframework\spring-beans\5.1.5.RELEASE\spring-beans-5.1.5.RELEASE.jar;C:\Users\tanay\.m2\repository\org\springframework\spring-aspects\5.1.5.RELEASE\spring-aspects-5.1.5.RELEASE.jar;C:\Users\tanay\.m2\repository\org\springframework\boot\spring-boot-starter-web\2.1.3.RELEASE\spring-boot-starter-web-2.1.3.RELEASE.jar;C:\Users\tanay\.m2\repository\org\springframework\boot\spring-boot-starter\2.1.3.RELEASE\spring-boot-starter-2.1.3.RELEASE.jar;C:\Users\tanay\.m2\repository\org\springframework\boot\spring-boot\2.1.3.RELEASE\spring-boot-2.1.3.RELEASE.jar;C:\Users\tanay\.m2\repository\org\springframework\boot\spring-boot-autoconfigure\2.1.3.RELEASE\spring-boot-autoconfigure-2.1.3.RELEASE.jar;C:\Users\tanay\.m2\repository\javax\annotation\javax.annotation-api\1.3.2\javax.annotation-api-1.3.2.jar;C:\Users\tanay\.m2\repository\org\yaml\snakeyaml\1.23\snakeyaml-1.23.jar;C:\Users\tanay\.m2\repository\org\springframework\boot\spring-boot-starter-json\2.1.3.RELEASE\spring-boot-starter-json-2.1.3.RELEASE.jar;C:\Users\tanay\.m2\repository\com\fasterxml\jackson\core\jackson-databind\2.9.8\jackson-databind-2.9.8.jar;C:\Users\tanay\.m2\repository\com\fasterxml\jackson\core\jackson-core\2.9.8\jackson-core-2.9.8.jar;C:\Users\tanay\.m2\repository\com\fasterxml\jackson\datatype\jackson-datatype-jdk8\2.9.8\jackson-datatype-jdk8-2.9.8.jar;C:\Users\tanay\.m2\repository\com\fasterxml\jackson\datatype\jackson-datatype-jsr310\2.9.8\jackson-datatype-jsr310-2.9.8.jar;C:\Users\tanay\.m2\repository\com\fasterxml\jackson\module\jackson-module-parameter-names\2.9.8\jackson-module-parameter-names-2.9.8.jar;C:\Users\tanay\.m2\repository\org\springframework\boot\spring-boot-starter-tomcat\2.1.3.RELEASE\spring-boot-starter-tomcat-2.1.3.RELEASE.jar;C:\Users\tanay\.m2\repository\org\apache\tomcat\embed\tomcat-embed-core\9.0.16\tomcat-embed-core-9.0.16.jar;C:\Users\tanay\.m2\repository\org\apache\tomcat\embed\tomcat-embed-el\9.0.16\tomcat-embed-el-9.0.16.jar;C:\Users\tanay\.m2\repository\org\apache\tomcat\embed\tomcat-embed-websocket\9.0.16\tomcat-embed-websocket-9.0.16.jar;C:\Users\tanay\.m2\repository\org\hibernate\validator\hibernate-validator\6.0.14.Final\hibernate-validator-6.0.14.Final.jar;C:\Users\tanay\.m2\repository\javax\validation\validation-api\2.0.1.Final\validation-api-2.0.1.Final.jar;C:\Users\tanay\.m2\repository\org\springframework\spring-web\5.1.5.RELEASE\spring-web-5.1.5.RELEASE.jar;C:\Users\tanay\.m2\repository\org\springframework\spring-webmvc\5.1.5.RELEASE\spring-webmvc-5.1.5.RELEASE.jar;C:\Users\tanay\.m2\repository\org\springframework\spring-expression\5.1.5.RELEASE\spring-expression-5.1.5.RELEASE.jar;C:\Users\tanay\.m2\repository\mysql\mysql-connector-java\8.0.15\mysql-connector-java-8.0.15.jar;C:\Users\tanay\.m2\repository\org\springframework\boot\spring-boot-starter-test\2.1.3.RELEASE\spring-boot-starter-test-2.1.3.RELEASE.jar;C:\Users\tanay\.m2\repository\org\springframework\boot\spring-boot-test\2.1.3.RELEASE\spring-boot-test-2.1.3.RELEASE.jar;C:\Users\tanay\.m2\repository\org\springframework\boot\spring-boot-test-autoconfigure\2.1.3.RELEASE\spring-boot-test-autoconfigure-2.1.3.RELEASE.jar;C:\Users\tanay\.m2\repository\com\jayway\jsonpath\json-path\2.4.0\json-path-2.4.0.jar;C:\Users\tanay\.m2\repository\net\minidev\json-smart\2.3\json-smart-2.3.jar;C:\Users\tanay\.m2\repository\net\minidev\accessors-smart\1.2\accessors-smart-1.2.jar;C:\Users\tanay\.m2\repository\org\ow2\asm\asm\5.0.4\asm-5.0.4.jar;C:\Users\tanay\.m2\repository\junit\junit\4.12\junit-4.12.jar;C:\Users\tanay\.m2\repository\org\assertj\assertj-core\3.11.1\assertj-core-3.11.1.jar;C:\Users\tanay\.m2\repository\org\mockito\mockito-core\2.23.4\mockito-core-2.23.4.jar;C:\Users\tanay\.m2\repository\net\bytebuddy\byte-buddy-agent\1.9.10\byte-buddy-agent-1.9.10.jar;C:\Users\tanay\.m2\repository\org\objenesis\objenesis\2.6\objenesis-2.6.jar;C:\Users\tanay\.m2\repository\org\hamcrest\hamcrest-core\1.3\hamcrest-core-1.3.jar;C:\Users\tanay\.m2\repository\org\hamcrest\hamcrest-library\1.3\hamcrest-library-1.3.jar;C:\Users\tanay\.m2\repository\org\skyscreamer\jsonassert\1.5.0\jsonassert-1.5.0.jar;C:\Users\tanay\.m2\repository\com\vaadin\external\google\android-json\0.0.20131108.vaadin1\android-json-0.0.20131108.vaadin1.jar;C:\Users\tanay\.m2\repository\org\springframework\spring-core\5.1.5.RELEASE\spring-core-5.1.5.RELEASE.jar;C:\Users\tanay\.m2\repository\org\springframework\spring-jcl\5.1.5.RELEASE\spring-jcl-5.1.5.RELEASE.jar;C:\Users\tanay\.m2\repository\org\springframework\spring-test\5.1.5.RELEASE\spring-test-5.1.5.RELEASE.jar;C:\Users\tanay\.m2\repository\org\xmlunit\xmlunit-core\2.6.2\xmlunit-core-2.6.2.jar;C:\Users\tanay\.m2\repository\com\twilio\sdk\twilio-java-sdk\3.4.5\twilio-java-sdk-3.4.5.jar;C:\Users\tanay\.m2\repository\org\apache\httpcomponents\httpclient\4.5.7\httpclient-4.5.7.jar;C:\Users\tanay\.m2\repository\org\apache\httpcomponents\httpcore\4.4.11\httpcore-4.4.11.jar;C:\Users\tanay\.m2\repository\commons-codec\commons-codec\1.11\commons-codec-1.11.jar;C:\Users\tanay\.m2\repository\commons-lang\commons-lang\2.6\commons-lang-2.6.jar;C:\Users\tanay\.m2\repository\com\googlecode\json-simple\json-simple\1.1\json-simple-1.1.jar;C:\Users\tanay\.m2\repository\org\codehaus\jackson\jackson-mapper-asl\1.9.3\jackson-mapper-asl-1.9.3.jar;C:\Users\tanay\.m2\repository\org\codehaus\jackson\jackson-core-asl\1.9.3\jackson-core-asl-1.9.3.jar;C:\Users\tanay\.m2\repository\org\springframework\boot\spring-boot-configuration-processor\2.1.3.RELEASE\spring-boot-configuration-processor-2.1.3.RELEASE.jar;C:\Users\tanay\.m2\repository\com\microsoft\azure\spring-azure-starter-storage\1.0.0.M2\spring-azure-starter-storage-1.0.0.M2.jar;C:\Users\tanay\.m2\repository\com\microsoft\azure\spring-cloud-azure-autoconfigure\1.0.0.M2\spring-cloud-azure-autoconfigure-1.0.0.M2.jar;C:\Users\tanay\.m2\repository\com\microsoft\azure\spring-cloud-azure-context\1.0.0.M2\spring-cloud-azure-context-1.0.0.M2.jar;C:\Users\tanay\.m2\repository\commons-io\commons-io\2.6\commons-io-2.6.jar;C:\Users\tanay\.m2\repository\com\microsoft\azure\azure\1.14.0\azure-1.14.0.jar;C:\Users\tanay\.m2\repository\com\microsoft\azure\azure-client-runtime\1.6.0\azure-client-runtime-1.6.0.jar;C:\Users\tanay\.m2\repository\com\microsoft\rest\client-runtime\1.6.0\client-runtime-1.6.0.jar;C:\Users\tanay\.m2\repository\com\squareup\retrofit2\retrofit\2.4.0\retrofit-2.4.0.jar;C:\Users\tanay\.m2\repository\com\squareup\okhttp3\okhttp\3.11.0\okhttp-3.11.0.jar;C:\Users\tanay\.m2\repository\com\squareup\okio\okio\1.14.0\okio-1.14.0.jar;C:\Users\tanay\.m2\repository\com\squareup\okhttp3\logging-interceptor\3.11.0\logging-interceptor-3.11.0.jar;C:\Users\tanay\.m2\repository\com\squareup\okhttp3\okhttp-urlconnection\3.11.0\okhttp-urlconnection-3.11.0.jar;C:\Users\tanay\.m2\repository\com\squareup\retrofit2\converter-jackson\2.4.0\converter-jackson-2.4.0.jar;C:\Users\tanay\.m2\repository\com\fasterxml\jackson\datatype\jackson-datatype-joda\2.9.8\jackson-datatype-joda-2.9.8.jar;C:\Users\tanay\.m2\repository\com\squareup\retrofit2\adapter-rxjava\2.4.0\adapter-rxjava-2.4.0.jar;C:\Users\tanay\.m2\repository\com\microsoft\azure\azure-client-authentication\1.6.0\azure-client-authentication-1.6.0.jar;C:\Users\tanay\.m2\repository\com\microsoft\azure\adal4j\1.1.2\adal4j-1.1.2.jar;C:\Users\tanay\.m2\repository\com\nimbusds\oauth2-oidc-sdk\4.5\oauth2-oidc-sdk-4.5.jar;C:\Users\tanay\.m2\repository\javax\mail\mail\1.4.7\mail-1.4.7.jar;C:\Users\tanay\.m2\repository\javax\activation\activation\1.1\activation-1.1.jar;C:\Users\tanay\.m2\repository\com\nimbusds\lang-tag\1.4\lang-tag-1.4.jar;C:\Users\tanay\.m2\repository\com\nimbusds\nimbus-jose-jwt\3.1.2\nimbus-jose-jwt-3.1.2.jar;C:\Users\tanay\.m2\repository\org\bouncycastle\bcprov-jdk15on\1.51\bcprov-jdk15on-1.51.jar;C:\Users\tanay\.m2\repository\com\microsoft\azure\azure-annotations\1.2.0\azure-annotations-1.2.0.jar;C:\Users\tanay\.m2\repository\com\microsoft\azure\azure-mgmt-resources\1.14.0\azure-mgmt-resources-1.14.0.jar;C:\Users\tanay\.m2\repository\org\slf4j\slf4j-simple\1.7.25\slf4j-simple-1.7.25.jar;C:\Users\tanay\.m2\repository\io\reactivex\rxjava\1.3.8\rxjava-1.3.8.jar;C:\Users\tanay\.m2\repository\com\microsoft\azure\azure-mgmt-storage\1.14.0\azure-mgmt-storage-1.14.0.jar;C:\Users\tanay\.m2\repository\com\microsoft\azure\azure-mgmt-network\1.14.0\azure-mgmt-network-1.14.0.jar;C:\Users\tanay\.m2\repository\com\microsoft\azure\azure-mgmt-compute\1.14.0\azure-mgmt-compute-1.14.0.jar;C:\Users\tanay\.m2\repository\com\microsoft\azure\azure-mgmt-graph-rbac\1.14.0\azure-mgmt-graph-rbac-1.14.0.jar;C:\Users\tanay\.m2\repository\com\microsoft\azure\azure-mgmt-keyvault\1.14.0\azure-mgmt-keyvault-1.14.0.jar;C:\Users\tanay\.m2\repository\com\microsoft\azure\azure-keyvault\1.0.0\azure-keyvault-1.0.0.jar;C:\Users\tanay\.m2\repository\com\microsoft\azure\azure-keyvault-webkey\1.0.0\azure-keyvault-webkey-1.0.0.jar;C:\Users\tanay\.m2\repository\com\microsoft\azure\azure-mgmt-batch\1.14.0\azure-mgmt-batch-1.14.0.jar;C:\Users\tanay\.m2\repository\com\microsoft\azure\azure-mgmt-trafficmanager\1.14.0\azure-mgmt-trafficmanager-1.14.0.jar;C:\Users\tanay\.m2\repository\com\microsoft\azure\azure-mgmt-dns\1.14.0\azure-mgmt-dns-1.14.0.jar;C:\Users\tanay\.m2\repository\com\microsoft\azure\azure-mgmt-redis\1.14.0\azure-mgmt-redis-1.14.0.jar;C:\Users\tanay\.m2\repository\com\microsoft\azure\azure-mgmt-appservice\1.14.0\azure-mgmt-appservice-1.14.0.jar;C:\Users\tanay\.m2\repository\com\microsoft\azure\azure-storage\6.1.0\azure-storage-6.1.0.jar;C:\Users\tanay\.m2\repository\com\microsoft\azure\azure-keyvault-core\0.8.0\azure-keyvault-core-0.8.0.jar;C:\Users\tanay\.m2\repository\com\microsoft\azure\azure-mgmt-locks\1.14.0\azure-mgmt-locks-1.14.0.jar;C:\Users\tanay\.m2\repository\com\microsoft\azure\azure-mgmt-eventhub\1.14.0\azure-mgmt-eventhub-1.14.0.jar;C:\Users\tanay\.m2\repository\com\microsoft\azure\azure-mgmt-cdn\1.14.0\azure-mgmt-cdn-1.14.0.jar;C:\Users\tanay\.m2\repository\com\microsoft\azure\azure-mgmt-sql\1.14.0\azure-mgmt-sql-1.14.0.jar;C:\Users\tanay\.m2\repository\com\microsoft\azure\azure-mgmt-containerinstance\1.14.0\azure-mgmt-containerinstance-1.14.0.jar;C:\Users\tanay\.m2\repository\com\microsoft\azure\azure-mgmt-containerregistry\1.14.0\azure-mgmt-containerregistry-1.14.0.jar;C:\Users\tanay\.m2\repository\com\microsoft\azure\azure-mgmt-containerservice\1.14.0\azure-mgmt-containerservice-1.14.0.jar;C:\Users\tanay\.m2\repository\com\microsoft\azure\azure-mgmt-cosmosdb\1.14.0\azure-mgmt-cosmosdb-1.14.0.jar;C:\Users\tanay\.m2\repository\com\microsoft\azure\azure-mgmt-search\1.14.0\azure-mgmt-search-1.14.0.jar;C:\Users\tanay\.m2\repository\com\microsoft\azure\azure-mgmt-msi\1.14.0\azure-mgmt-msi-1.14.0.jar;C:\Users\tanay\.m2\repository\com\microsoft\azure\azure-mgmt-monitor\1.14.0\azure-mgmt-monitor-1.14.0.jar;C:\Users\tanay\.m2\repository\com\microsoft\azure\azure-mgmt-servicebus\1.14.0\azure-mgmt-servicebus-1.14.0.jar;C:\Users\tanay\.m2\repository\joda-time\joda-time\2.10.1\joda-time-2.10.1.jar;C:\Users\tanay\.m2\repository\com\microsoft\azure\azure-mgmt-batchai\1.14.0\azure-mgmt-batchai-1.14.0.jar;C:\Users\tanay\.m2\repository\com\microsoft\azure\applicationinsights-core\2.0.1\applicationinsights-core-2.0.1.jar;C:\Users\tanay\.m2\repository\eu\infomas\annotation-detector\3.0.5\annotation-detector-3.0.5.jar;C:\Users\tanay\.m2\repository\org\apache\commons\commons-lang3\3.8.1\commons-lang3-3.8.1.jar;C:\Users\tanay\.m2\repository\com\google\code\gson\gson\2.8.5\gson-2.8.5.jar;C:\Users\tanay\.m2\repository\com\microsoft\azure\spring-cloud-azure-storage\1.0.0.M2\spring-cloud-azure-storage-1.0.0.M2.jar;C:\Users\tanay\.m2\repository\org\springframework\boot\spring-boot-starter-logging\2.1.3.RELEASE\spring-boot-starter-logging-2.1.3.RELEASE.jar;C:\Users\tanay\.m2\repository\org\apache\logging\log4j\log4j-to-slf4j\2.11.2\log4j-to-slf4j-2.11.2.jar;C:\Users\tanay\.m2\repository\org\apache\logging\log4j\log4j-api\2.11.2\log4j-api-2.11.2.jar;C:\Users\tanay\.m2\repository\org\slf4j\jul-to-slf4j\1.7.25\jul-to-slf4j-1.7.25.jar;C:\Users\tanay\.m2\repository\org\slf4j\slf4j-api\1.7.25\slf4j-api-1.7.25.jar;C:\Users\tanay\.m2\repository\org\projectlombok\lombok\1.18.6\lombok-1.18.6.jar;C:\Users\tanay\.m2\repository\com\google\code\findbugs\annotations\3.0.1\annotations-3.0.1.jar;C:\Users\tanay\.m2\repository\net\jcip\jcip-annotations\1.0\jcip-annotations-1.0.jar;C:\Users\tanay\.m2\repository\com\google\code\findbugs\jsr305\3.0.1\jsr305-3.0.1.jar;C:\Users\tanay\.m2\repository\io\springfox\springfox-swagger2\2.9.2\springfox-swagger2-2.9.2.jar;C:\Users\tanay\.m2\repository\io\swagger\swagger-annotations\1.5.20\swagger-annotations-1.5.20.jar;C:\Users\tanay\.m2\repository\io\swagger\swagger-models\1.5.20\swagger-models-1.5.20.jar;C:\Users\tanay\.m2\repository\com\fasterxml\jackson\core\jackson-annotations\2.9.0\jackson-annotations-2.9.0.jar;C:\Users\tanay\.m2\repository\io\springfox\springfox-spi\2.9.2\springfox-spi-2.9.2.jar;C:\Users\tanay\.m2\repository\io\springfox\springfox-core\2.9.2\springfox-core-2.9.2.jar;C:\Users\tanay\.m2\repository\io\springfox\springfox-schema\2.9.2\springfox-schema-2.9.2.jar;C:\Users\tanay\.m2\repository\io\springfox\springfox-swagger-common\2.9.2\springfox-swagger-common-2.9.2.jar;C:\Users\tanay\.m2\repository\io\springfox\springfox-spring-web\2.9.2\springfox-spring-web-2.9.2.jar;C:\Users\tanay\.m2\repository\com\google\guava\guava\20.0\guava-20.0.jar;C:\Users\tanay\.m2\repository\com\fasterxml\classmate\1.4.0\classmate-1.4.0.jar;C:\Users\tanay\.m2\repository\org\springframework\plugin\spring-plugin-core\1.2.0.RELEASE\spring-plugin-core-1.2.0.RELEASE.jar;C:\Users\tanay\.m2\repository\org\springframework\plugin\spring-plugin-metadata\1.2.0.RELEASE\spring-plugin-metadata-1.2.0.RELEASE.jar;C:\Users\tanay\.m2\repository\org\mapstruct\mapstruct\1.2.0.Final\mapstruct-1.2.0.Final.jar;C:\Users\tanay\.m2\repository\io\springfox\springfox-swagger-ui\2.9.2\springfox-swagger-ui-2.9.2.jar;"/>
    <property name="java.vm.vendor" value="Oracle Corporation"/>
    <property name="sun.arch.data.model" value="64"/>
    <property name="user.variant" value=""/>
    <property name="java.vendor.url" value="http://java.oracle.com/"/>
    <property name="user.timezone" value="America/Los_Angeles"/>
    <property name="java.vm.specification.version" value="1.8"/>
    <property name="os.name" value="Windows 10"/>
    <property name="user.country" value="US"/>
    <property name="sun.java.launcher" value="SUN_STANDARD"/>
    <property name="sun.boot.library.path" value="C:\Program Files\Java\jdk1.8.0_151\jre\bin"/>
    <property name="sun.java.command" value="C:\Users\tanay\AppData\Local\Temp\surefire6078880497519876632\surefirebooter6958155703368491582.jar C:\Users\tanay\AppData\Local\Temp\surefire6078880497519876632 2019-04-22T10-55-59_523-jvmRun1 surefire9033701165062243365tmp surefire_02212645045039223387tmp"/>
    <property name="surefire.test.class.path" value="E:\cs401\CHLA-Server\Server\target\test-classes;E:\cs401\CHLA-Server\Server\target\classes;C:\Users\tanay\.m2\repository\org\springframework\boot\spring-boot-starter-data-jpa\2.1.3.RELEASE\spring-boot-starter-data-jpa-2.1.3.RELEASE.jar;C:\Users\tanay\.m2\repository\org\springframework\boot\spring-boot-starter-aop\2.1.3.RELEASE\spring-boot-starter-aop-2.1.3.RELEASE.jar;C:\Users\tanay\.m2\repository\org\springframework\spring-aop\5.1.5.RELEASE\spring-aop-5.1.5.RELEASE.jar;C:\Users\tanay\.m2\repository\org\aspectj\aspectjweaver\1.9.2\aspectjweaver-1.9.2.jar;C:\Users\tanay\.m2\repository\org\springframework\boot\spring-boot-starter-jdbc\2.1.3.RELEASE\spring-boot-starter-jdbc-2.1.3.RELEASE.jar;C:\Users\tanay\.m2\repository\com\zaxxer\HikariCP\3.2.0\HikariCP-3.2.0.jar;C:\Users\tanay\.m2\repository\org\springframework\spring-jdbc\5.1.5.RELEASE\spring-jdbc-5.1.5.RELEASE.jar;C:\Users\tanay\.m2\repository\javax\transaction\javax.transaction-api\1.3\javax.transaction-api-1.3.jar;C:\Users\tanay\.m2\repository\javax\xml\bind\jaxb-api\2.3.1\jaxb-api-2.3.1.jar;C:\Users\tanay\.m2\repository\javax\activation\javax.activation-api\1.2.0\javax.activation-api-1.2.0.jar;C:\Users\tanay\.m2\repository\org\hibernate\hibernate-core\5.3.7.Final\hibernate-core-5.3.7.Final.jar;C:\Users\tanay\.m2\repository\org\jboss\logging\jboss-logging\3.3.2.Final\jboss-logging-3.3.2.Final.jar;C:\Users\tanay\.m2\repository\javax\persistence\javax.persistence-api\2.2\javax.persistence-api-2.2.jar;C:\Users\tanay\.m2\repository\org\javassist\javassist\3.23.1-GA\javassist-3.23.1-GA.jar;C:\Users\tanay\.m2\repository\net\bytebuddy\byte-buddy\1.9.10\byte-buddy-1.9.10.jar;C:\Users\tanay\.m2\repository\antlr\antlr\2.7.7\antlr-2.7.7.jar;C:\Users\tanay\.m2\repository\org\jboss\jandex\2.0.5.Final\jandex-2.0.5.Final.jar;C:\Users\tanay\.m2\repository\org\dom4j\dom4j\2.1.1\dom4j-2.1.1.jar;C:\Users\tanay\.m2\repository\org\hibernate\common\hibernate-commons-annotations\5.0.4.Final\hibernate-commons-annotations-5.0.4.Final.jar;C:\Users\tanay\.m2\repository\org\springframework\data\spring-data-jpa\2.1.5.RELEASE\spring-data-jpa-2.1.5.RELEASE.jar;C:\Users\tanay\.m2\repository\org\springframework\data\spring-data-commons\2.1.5.RELEASE\spring-data-commons-2.1.5.RELEASE.jar;C:\Users\tanay\.m2\repository\org\springframework\spring-orm\5.1.5.RELEASE\spring-orm-5.1.5.RELEASE.jar;C:\Users\tanay\.m2\repository\org\springframework\spring-context\5.1.5.RELEASE\spring-context-5.1.5.RELEASE.jar;C:\Users\tanay\.m2\repository\org\springframework\spring-tx\5.1.5.RELEASE\spring-tx-5.1.5.RELEASE.jar;C:\Users\tanay\.m2\repository\org\springframework\spring-beans\5.1.5.RELEASE\spring-beans-5.1.5.RELEASE.jar;C:\Users\tanay\.m2\repository\org\springframework\spring-aspects\5.1.5.RELEASE\spring-aspects-5.1.5.RELEASE.jar;C:\Users\tanay\.m2\repository\org\springframework\boot\spring-boot-starter-web\2.1.3.RELEASE\spring-boot-starter-web-2.1.3.RELEASE.jar;C:\Users\tanay\.m2\repository\org\springframework\boot\spring-boot-starter\2.1.3.RELEASE\spring-boot-starter-2.1.3.RELEASE.jar;C:\Users\tanay\.m2\repository\org\springframework\boot\spring-boot\2.1.3.RELEASE\spring-boot-2.1.3.RELEASE.jar;C:\Users\tanay\.m2\repository\org\springframework\boot\spring-boot-autoconfigure\2.1.3.RELEASE\spring-boot-autoconfigure-2.1.3.RELEASE.jar;C:\Users\tanay\.m2\repository\javax\annotation\javax.annotation-api\1.3.2\javax.annotation-api-1.3.2.jar;C:\Users\tanay\.m2\repository\org\yaml\snakeyaml\1.23\snakeyaml-1.23.jar;C:\Users\tanay\.m2\repository\org\springframework\boot\spring-boot-starter-json\2.1.3.RELEASE\spring-boot-starter-json-2.1.3.RELEASE.jar;C:\Users\tanay\.m2\repository\com\fasterxml\jackson\core\jackson-databind\2.9.8\jackson-databind-2.9.8.jar;C:\Users\tanay\.m2\repository\com\fasterxml\jackson\core\jackson-core\2.9.8\jackson-core-2.9.8.jar;C:\Users\tanay\.m2\repository\com\fasterxml\jackson\datatype\jackson-datatype-jdk8\2.9.8\jackson-datatype-jdk8-2.9.8.jar;C:\Users\tanay\.m2\repository\com\fasterxml\jackson\datatype\jackson-datatype-jsr310\2.9.8\jackson-datatype-jsr310-2.9.8.jar;C:\Users\tanay\.m2\repository\com\fasterxml\jackson\module\jackson-module-parameter-names\2.9.8\jackson-module-parameter-names-2.9.8.jar;C:\Users\tanay\.m2\repository\org\springframework\boot\spring-boot-starter-tomcat\2.1.3.RELEASE\spring-boot-starter-tomcat-2.1.3.RELEASE.jar;C:\Users\tanay\.m2\repository\org\apache\tomcat\embed\tomcat-embed-core\9.0.16\tomcat-embed-core-9.0.16.jar;C:\Users\tanay\.m2\repository\org\apache\tomcat\embed\tomcat-embed-el\9.0.16\tomcat-embed-el-9.0.16.jar;C:\Users\tanay\.m2\repository\org\apache\tomcat\embed\tomcat-embed-websocket\9.0.16\tomcat-embed-websocket-9.0.16.jar;C:\Users\tanay\.m2\repository\org\hibernate\validator\hibernate-validator\6.0.14.Final\hibernate-validator-6.0.14.Final.jar;C:\Users\tanay\.m2\repository\javax\validation\validation-api\2.0.1.Final\validation-api-2.0.1.Final.jar;C:\Users\tanay\.m2\repository\org\springframework\spring-web\5.1.5.RELEASE\spring-web-5.1.5.RELEASE.jar;C:\Users\tanay\.m2\repository\org\springframework\spring-webmvc\5.1.5.RELEASE\spring-webmvc-5.1.5.RELEASE.jar;C:\Users\tanay\.m2\repository\org\springframework\spring-expression\5.1.5.RELEASE\spring-expression-5.1.5.RELEASE.jar;C:\Users\tanay\.m2\repository\mysql\mysql-connector-java\8.0.15\mysql-connector-java-8.0.15.jar;C:\Users\tanay\.m2\repository\org\springframework\boot\spring-boot-starter-test\2.1.3.RELEASE\spring-boot-starter-test-2.1.3.RELEASE.jar;C:\Users\tanay\.m2\repository\org\springframework\boot\spring-boot-test\2.1.3.RELEASE\spring-boot-test-2.1.3.RELEASE.jar;C:\Users\tanay\.m2\repository\org\springframework\boot\spring-boot-test-autoconfigure\2.1.3.RELEASE\spring-boot-test-autoconfigure-2.1.3.RELEASE.jar;C:\Users\tanay\.m2\repository\com\jayway\jsonpath\json-path\2.4.0\json-path-2.4.0.jar;C:\Users\tanay\.m2\repository\net\minidev\json-smart\2.3\json-smart-2.3.jar;C:\Users\tanay\.m2\repository\net\minidev\accessors-smart\1.2\accessors-smart-1.2.jar;C:\Users\tanay\.m2\repository\org\ow2\asm\asm\5.0.4\asm-5.0.4.jar;C:\Users\tanay\.m2\repository\junit\junit\4.12\junit-4.12.jar;C:\Users\tanay\.m2\repository\org\assertj\assertj-core\3.11.1\assertj-core-3.11.1.jar;C:\Users\tanay\.m2\repository\org\mockito\mockito-core\2.23.4\mockito-core-2.23.4.jar;C:\Users\tanay\.m2\repository\net\bytebuddy\byte-buddy-agent\1.9.10\byte-buddy-agent-1.9.10.jar;C:\Users\tanay\.m2\repository\org\objenesis\objenesis\2.6\objenesis-2.6.jar;C:\Users\tanay\.m2\repository\org\hamcrest\hamcrest-core\1.3\hamcrest-core-1.3.jar;C:\Users\tanay\.m2\repository\org\hamcrest\hamcrest-library\1.3\hamcrest-library-1.3.jar;C:\Users\tanay\.m2\repository\org\skyscreamer\jsonassert\1.5.0\jsonassert-1.5.0.jar;C:\Users\tanay\.m2\repository\com\vaadin\external\google\android-json\0.0.20131108.vaadin1\android-json-0.0.20131108.vaadin1.jar;C:\Users\tanay\.m2\repository\org\springframework\spring-core\5.1.5.RELEASE\spring-core-5.1.5.RELEASE.jar;C:\Users\tanay\.m2\repository\org\springframework\spring-jcl\5.1.5.RELEASE\spring-jcl-5.1.5.RELEASE.jar;C:\Users\tanay\.m2\repository\org\springframework\spring-test\5.1.5.RELEASE\spring-test-5.1.5.RELEASE.jar;C:\Users\tanay\.m2\repository\org\xmlunit\xmlunit-core\2.6.2\xmlunit-core-2.6.2.jar;C:\Users\tanay\.m2\repository\com\twilio\sdk\twilio-java-sdk\3.4.5\twilio-java-sdk-3.4.5.jar;C:\Users\tanay\.m2\repository\org\apache\httpcomponents\httpclient\4.5.7\httpclient-4.5.7.jar;C:\Users\tanay\.m2\repository\org\apache\httpcomponents\httpcore\4.4.11\httpcore-4.4.11.jar;C:\Users\tanay\.m2\repository\commons-codec\commons-codec\1.11\commons-codec-1.11.jar;C:\Users\tanay\.m2\repository\commons-lang\commons-lang\2.6\commons-lang-2.6.jar;C:\Users\tanay\.m2\repository\com\googlecode\json-simple\json-simple\1.1\json-simple-1.1.jar;C:\Users\tanay\.m2\repository\org\codehaus\jackson\jackson-mapper-asl\1.9.3\jackson-mapper-asl-1.9.3.jar;C:\Users\tanay\.m2\repository\org\codehaus\jackson\jackson-core-asl\1.9.3\jackson-core-asl-1.9.3.jar;C:\Users\tanay\.m2\repository\org\springframework\boot\spring-boot-configuration-processor\2.1.3.RELEASE\spring-boot-configuration-processor-2.1.3.RELEASE.jar;C:\Users\tanay\.m2\repository\com\microsoft\azure\spring-azure-starter-storage\1.0.0.M2\spring-azure-starter-storage-1.0.0.M2.jar;C:\Users\tanay\.m2\repository\com\microsoft\azure\spring-cloud-azure-autoconfigure\1.0.0.M2\spring-cloud-azure-autoconfigure-1.0.0.M2.jar;C:\Users\tanay\.m2\repository\com\microsoft\azure\spring-cloud-azure-context\1.0.0.M2\spring-cloud-azure-context-1.0.0.M2.jar;C:\Users\tanay\.m2\repository\commons-io\commons-io\2.6\commons-io-2.6.jar;C:\Users\tanay\.m2\repository\com\microsoft\azure\azure\1.14.0\azure-1.14.0.jar;C:\Users\tanay\.m2\repository\com\microsoft\azure\azure-client-runtime\1.6.0\azure-client-runtime-1.6.0.jar;C:\Users\tanay\.m2\repository\com\microsoft\rest\client-runtime\1.6.0\client-runtime-1.6.0.jar;C:\Users\tanay\.m2\repository\com\squareup\retrofit2\retrofit\2.4.0\retrofit-2.4.0.jar;C:\Users\tanay\.m2\repository\com\squareup\okhttp3\okhttp\3.11.0\okhttp-3.11.0.jar;C:\Users\tanay\.m2\repository\com\squareup\okio\okio\1.14.0\okio-1.14.0.jar;C:\Users\tanay\.m2\repository\com\squareup\okhttp3\logging-interceptor\3.11.0\logging-interceptor-3.11.0.jar;C:\Users\tanay\.m2\repository\com\squareup\okhttp3\okhttp-urlconnection\3.11.0\okhttp-urlconnection-3.11.0.jar;C:\Users\tanay\.m2\repository\com\squareup\retrofit2\converter-jackson\2.4.0\converter-jackson-2.4.0.jar;C:\Users\tanay\.m2\repository\com\fasterxml\jackson\datatype\jackson-datatype-joda\2.9.8\jackson-datatype-joda-2.9.8.jar;C:\Users\tanay\.m2\repository\com\squareup\retrofit2\adapter-rxjava\2.4.0\adapter-rxjava-2.4.0.jar;C:\Users\tanay\.m2\repository\com\microsoft\azure\azure-client-authentication\1.6.0\azure-client-authentication-1.6.0.jar;C:\Users\tanay\.m2\repository\com\microsoft\azure\adal4j\1.1.2\adal4j-1.1.2.jar;C:\Users\tanay\.m2\repository\com\nimbusds\oauth2-oidc-sdk\4.5\oauth2-oidc-sdk-4.5.jar;C:\Users\tanay\.m2\repository\javax\mail\mail\1.4.7\mail-1.4.7.jar;C:\Users\tanay\.m2\repository\javax\activation\activation\1.1\activation-1.1.jar;C:\Users\tanay\.m2\repository\com\nimbusds\lang-tag\1.4\lang-tag-1.4.jar;C:\Users\tanay\.m2\repository\com\nimbusds\nimbus-jose-jwt\3.1.2\nimbus-jose-jwt-3.1.2.jar;C:\Users\tanay\.m2\repository\org\bouncycastle\bcprov-jdk15on\1.51\bcprov-jdk15on-1.51.jar;C:\Users\tanay\.m2\repository\com\microsoft\azure\azure-annotations\1.2.0\azure-annotations-1.2.0.jar;C:\Users\tanay\.m2\repository\com\microsoft\azure\azure-mgmt-resources\1.14.0\azure-mgmt-resources-1.14.0.jar;C:\Users\tanay\.m2\repository\org\slf4j\slf4j-simple\1.7.25\slf4j-simple-1.7.25.jar;C:\Users\tanay\.m2\repository\io\reactivex\rxjava\1.3.8\rxjava-1.3.8.jar;C:\Users\tanay\.m2\repository\com\microsoft\azure\azure-mgmt-storage\1.14.0\azure-mgmt-storage-1.14.0.jar;C:\Users\tanay\.m2\repository\com\microsoft\azure\azure-mgmt-network\1.14.0\azure-mgmt-network-1.14.0.jar;C:\Users\tanay\.m2\repository\com\microsoft\azure\azure-mgmt-compute\1.14.0\azure-mgmt-compute-1.14.0.jar;C:\Users\tanay\.m2\repository\com\microsoft\azure\azure-mgmt-graph-rbac\1.14.0\azure-mgmt-graph-rbac-1.14.0.jar;C:\Users\tanay\.m2\repository\com\microsoft\azure\azure-mgmt-keyvault\1.14.0\azure-mgmt-keyvault-1.14.0.jar;C:\Users\tanay\.m2\repository\com\microsoft\azure\azure-keyvault\1.0.0\azure-keyvault-1.0.0.jar;C:\Users\tanay\.m2\repository\com\microsoft\azure\azure-keyvault-webkey\1.0.0\azure-keyvault-webkey-1.0.0.jar;C:\Users\tanay\.m2\repository\com\microsoft\azure\azure-mgmt-batch\1.14.0\azure-mgmt-batch-1.14.0.jar;C:\Users\tanay\.m2\repository\com\microsoft\azure\azure-mgmt-trafficmanager\1.14.0\azure-mgmt-trafficmanager-1.14.0.jar;C:\Users\tanay\.m2\repository\com\microsoft\azure\azure-mgmt-dns\1.14.0\azure-mgmt-dns-1.14.0.jar;C:\Users\tanay\.m2\repository\com\microsoft\azure\azure-mgmt-redis\1.14.0\azure-mgmt-redis-1.14.0.jar;C:\Users\tanay\.m2\repository\com\microsoft\azure\azure-mgmt-appservice\1.14.0\azure-mgmt-appservice-1.14.0.jar;C:\Users\tanay\.m2\repository\com\microsoft\azure\azure-storage\6.1.0\azure-storage-6.1.0.jar;C:\Users\tanay\.m2\repository\com\microsoft\azure\azure-keyvault-core\0.8.0\azure-keyvault-core-0.8.0.jar;C:\Users\tanay\.m2\repository\com\microsoft\azure\azure-mgmt-locks\1.14.0\azure-mgmt-locks-1.14.0.jar;C:\Users\tanay\.m2\repository\com\microsoft\azure\azure-mgmt-eventhub\1.14.0\azure-mgmt-eventhub-1.14.0.jar;C:\Users\tanay\.m2\repository\com\microsoft\azure\azure-mgmt-cdn\1.14.0\azure-mgmt-cdn-1.14.0.jar;C:\Users\tanay\.m2\repository\com\microsoft\azure\azure-mgmt-sql\1.14.0\azure-mgmt-sql-1.14.0.jar;C:\Users\tanay\.m2\repository\com\microsoft\azure\azure-mgmt-containerinstance\1.14.0\azure-mgmt-containerinstance-1.14.0.jar;C:\Users\tanay\.m2\repository\com\microsoft\azure\azure-mgmt-containerregistry\1.14.0\azure-mgmt-containerregistry-1.14.0.jar;C:\Users\tanay\.m2\repository\com\microsoft\azure\azure-mgmt-containerservice\1.14.0\azure-mgmt-containerservice-1.14.0.jar;C:\Users\tanay\.m2\repository\com\microsoft\azure\azure-mgmt-cosmosdb\1.14.0\azure-mgmt-cosmosdb-1.14.0.jar;C:\Users\tanay\.m2\repository\com\microsoft\azure\azure-mgmt-search\1.14.0\azure-mgmt-search-1.14.0.jar;C:\Users\tanay\.m2\repository\com\microsoft\azure\azure-mgmt-msi\1.14.0\azure-mgmt-msi-1.14.0.jar;C:\Users\tanay\.m2\repository\com\microsoft\azure\azure-mgmt-monitor\1.14.0\azure-mgmt-monitor-1.14.0.jar;C:\Users\tanay\.m2\repository\com\microsoft\azure\azure-mgmt-servicebus\1.14.0\azure-mgmt-servicebus-1.14.0.jar;C:\Users\tanay\.m2\repository\joda-time\joda-time\2.10.1\joda-time-2.10.1.jar;C:\Users\tanay\.m2\repository\com\microsoft\azure\azure-mgmt-batchai\1.14.0\azure-mgmt-batchai-1.14.0.jar;C:\Users\tanay\.m2\repository\com\microsoft\azure\applicationinsights-core\2.0.1\applicationinsights-core-2.0.1.jar;C:\Users\tanay\.m2\repository\eu\infomas\annotation-detector\3.0.5\annotation-detector-3.0.5.jar;C:\Users\tanay\.m2\repository\org\apache\commons\commons-lang3\3.8.1\commons-lang3-3.8.1.jar;C:\Users\tanay\.m2\repository\com\google\code\gson\gson\2.8.5\gson-2.8.5.jar;C:\Users\tanay\.m2\repository\com\microsoft\azure\spring-cloud-azure-storage\1.0.0.M2\spring-cloud-azure-storage-1.0.0.M2.jar;C:\Users\tanay\.m2\repository\org\springframework\boot\spring-boot-starter-logging\2.1.3.RELEASE\spring-boot-starter-logging-2.1.3.RELEASE.jar;C:\Users\tanay\.m2\repository\org\apache\logging\log4j\log4j-to-slf4j\2.11.2\log4j-to-slf4j-2.11.2.jar;C:\Users\tanay\.m2\repository\org\apache\logging\log4j\log4j-api\2.11.2\log4j-api-2.11.2.jar;C:\Users\tanay\.m2\repository\org\slf4j\jul-to-slf4j\1.7.25\jul-to-slf4j-1.7.25.jar;C:\Users\tanay\.m2\repository\org\slf4j\slf4j-api\1.7.25\slf4j-api-1.7.25.jar;C:\Users\tanay\.m2\repository\org\projectlombok\lombok\1.18.6\lombok-1.18.6.jar;C:\Users\tanay\.m2\repository\com\google\code\findbugs\annotations\3.0.1\annotations-3.0.1.jar;C:\Users\tanay\.m2\repository\net\jcip\jcip-annotations\1.0\jcip-annotations-1.0.jar;C:\Users\tanay\.m2\repository\com\google\code\findbugs\jsr305\3.0.1\jsr305-3.0.1.jar;C:\Users\tanay\.m2\repository\io\springfox\springfox-swagger2\2.9.2\springfox-swagger2-2.9.2.jar;C:\Users\tanay\.m2\repository\io\swagger\swagger-annotations\1.5.20\swagger-annotations-1.5.20.jar;C:\Users\tanay\.m2\repository\io\swagger\swagger-models\1.5.20\swagger-models-1.5.20.jar;C:\Users\tanay\.m2\repository\com\fasterxml\jackson\core\jackson-annotations\2.9.0\jackson-annotations-2.9.0.jar;C:\Users\tanay\.m2\repository\io\springfox\springfox-spi\2.9.2\springfox-spi-2.9.2.jar;C:\Users\tanay\.m2\repository\io\springfox\springfox-core\2.9.2\springfox-core-2.9.2.jar;C:\Users\tanay\.m2\repository\io\springfox\springfox-schema\2.9.2\springfox-schema-2.9.2.jar;C:\Users\tanay\.m2\repository\io\springfox\springfox-swagger-common\2.9.2\springfox-swagger-common-2.9.2.jar;C:\Users\tanay\.m2\repository\io\springfox\springfox-spring-web\2.9.2\springfox-spring-web-2.9.2.jar;C:\Users\tanay\.m2\repository\com\google\guava\guava\20.0\guava-20.0.jar;C:\Users\tanay\.m2\repository\com\fasterxml\classmate\1.4.0\classmate-1.4.0.jar;C:\Users\tanay\.m2\repository\org\springframework\plugin\spring-plugin-core\1.2.0.RELEASE\spring-plugin-core-1.2.0.RELEASE.jar;C:\Users\tanay\.m2\repository\org\springframework\plugin\spring-plugin-metadata\1.2.0.RELEASE\spring-plugin-metadata-1.2.0.RELEASE.jar;C:\Users\tanay\.m2\repository\org\mapstruct\mapstruct\1.2.0.Final\mapstruct-1.2.0.Final.jar;C:\Users\tanay\.m2\repository\io\springfox\springfox-swagger-ui\2.9.2\springfox-swagger-ui-2.9.2.jar;"/>
    <property name="sun.cpu.endian" value="little"/>
    <property name="user.home" value="C:\Users\tanay"/>
    <property name="user.language" value="en"/>
    <property name="java.specification.vendor" value="Oracle Corporation"/>
    <property name="java.home" value="C:\Program Files\Java\jdk1.8.0_151\jre"/>
    <property name="basedir" value="E:\cs401\CHLA-Server\Server"/>
    <property name="file.separator" value="\"/>
    <property name="line.separator" value="&#10;"/>
    <property name="java.vm.specification.vendor" value="Oracle Corporation"/>
    <property name="java.specification.name" value="Java Platform API Specification"/>
    <property name="java.awt.graphicsenv" value="sun.awt.Win32GraphicsEnvironment"/>
    <property name="surefire.real.class.path" value="C:\Users\tanay\AppData\Local\Temp\surefire6078880497519876632\surefirebooter6958155703368491582.jar"/>
    <property name="sun.boot.class.path" value="C:\Program Files\Java\jdk1.8.0_151\jre\lib\resources.jar;C:\Program Files\Java\jdk1.8.0_151\jre\lib\rt.jar;C:\Program Files\Java\jdk1.8.0_151\jre\lib\sunrsasign.jar;C:\Program Files\Java\jdk1.8.0_151\jre\lib\jsse.jar;C:\Program Files\Java\jdk1.8.0_151\jre\lib\jce.jar;C:\Program Files\Java\jdk1.8.0_151\jre\lib\charsets.jar;C:\Program Files\Java\jdk1.8.0_151\jre\lib\jfr.jar;C:\Program Files\Java\jdk1.8.0_151\jre\classes"/>
    <property name="user.script" value=""/>
    <property name="sun.management.compiler" value="HotSpot 64-Bit Tiered Compilers"/>
    <property name="java.runtime.version" value="1.8.0_151-b12"/>
    <property name="user.name" value="tanay"/>
    <property name="path.separator" value=";"/>
    <property name="os.version" value="10.0"/>
    <property name="java.endorsed.dirs" value="C:\Program Files\Java\jdk1.8.0_151\jre\lib\endorsed"/>
    <property name="java.runtime.name" value="Java(TM) SE Runtime Environment"/>
    <property name="file.encoding" value="Cp1252"/>
    <property name="java.vm.name" value="Java HotSpot(TM) 64-Bit Server VM"/>
    <property name="localRepository" value="C:\Users\tanay\.m2\repository"/>
    <property name="java.vendor.url.bug" value="http://bugreport.sun.com/bugreport/"/>
    <property name="java.io.tmpdir" value="C:\Users\tanay\AppData\Local\Temp\"/>
    <property name="java.version" value="1.8.0_151"/>
    <property name="user.dir" value="E:\cs401\CHLA-Server\Server"/>
    <property name="os.arch" value="amd64"/>
    <property name="java.vm.specification.name" value="Java Virtual Machine Specification"/>
    <property name="java.awt.printerjob" value="sun.awt.windows.WPrinterJob"/>
    <property name="sun.os.patch.level" value=""/>
    <property name="java.library.path" value="C:\Program Files\Java\jdk1.8.0_151\jre\bin;C:\WINDOWS\Sun\Java\bin;C:\WINDOWS\system32;C:\WINDOWS;C:\Program Files (x86)\Microsoft SDKs\Azure\CLI2\wbin;C:\WinAVR-20100110\bin;C:\WinAVR-20100110\utils\bin;C:\Program Files (x86)\Intel\iCLS Client\;C:\Program Files (x86)\Common Files\Oracle\Java\javapath;C:\ProgramData\Oracle\Java\javapath;C:\Program Files\Intel\iCLS Client\;C:\WINDOWS\system32;C:\WINDOWS;C:\WINDOWS\System32\Wbem;C:\WINDOWS\System32\WindowsPowerShell\v1.0\;C:\Program Files\dotnet\;C:\Program Files\Git\cmd;C:\Users\tanay\Desktop\adb-fastboot\platform-tools;C:\Program Files\Java\jre1.8.0_151\bin;C:\Program Files\nodejs\;C:\WINDOWS\System32\OpenSSH\;C:\Program Files\Intel\WiFi\bin\;C:\Program Files\Common Files\Intel\WirelessCommon\;C:\Program Files (x86)\Intel\Intel(R) Management Engine Components\DAL;C:\Program Files\Intel\Intel(R) Management Engine Components\DAL;C:\Program Files (x86)\Intel\Intel(R) Management Engine Components\IPT;C:\Program Files\Intel\Intel(R) Management Engine Components\IPT;C:\Program Files\apache-ant-1.10.5\bin;C:\Program Files\Junit;C:\Program Files\Junit\junit-4.12.jar;C:\Python27;;C:\PostgreSQL\pg11\bin;C:\Users\tanay\AppData\Local\Microsoft\WindowsApps;C:\Program Files\Microsoft VS Code\bin;C:\Users\tanay\AppData\Roaming\npm;C:\Program Files\apache-maven-3.6.0\bin;C:\Program Files\Java\jdk1.8.0_151\bin;;."/>
    <property name="java.vm.info" value="mixed mode"/>
    <property name="java.vendor" value="Oracle Corporation"/>
    <property name="java.vm.version" value="25.151-b12"/>
    <property name="java.ext.dirs" value="C:\Program Files\Java\jdk1.8.0_151\jre\lib\ext;C:\WINDOWS\Sun\Java\lib\ext"/>
    <property name="sun.io.unicode.encoding" value="UnicodeLittle"/>
    <property name="java.class.version" value="52.0"/>
  </properties>
  <testcase name="contextLoads" classname="com.example.CHLAserver.Server.ChlaServerApplicationTests" time="0.066"/>
</testsuite>